UID | Filename | Date | Time | Access_Type | Action_Denied | Fingerprint |
1000|/home/apo/ACE414_labs/lab5/src_corpus/files/file_0.txt|16-12-2021|03:12:02|0|0|00000000000000000000000000000000|
1000|/home/apo/ACE414_labs/lab5/src_corpus/files/file_0.txt|16-12-2021|03:12:02|2|0|2DE9B73C1FD7397B09937BF3F98C6A9C|
1000|/home/apo/ACE414_labs/lab5/src_corpus/files/file_1.txt|16-12-2021|03:12:02|0|0|00000000000000000000000000000000|
1000|/home/apo/ACE414_labs/lab5/src_corpus/files/file_1.txt|16-12-2021|03:12:02|2|0|03A4AFC6C39BD5DB2B8AD94F3D5E00F7|
1000|/home/apo/ACE414_labs/lab5/src_corpus/files/file_2.txt|16-12-2021|03:12:02|0|0|00000000000000000000000000000000|
1000|/home/apo/ACE414_labs/lab5/src_corpus/files/file_2.txt|16-12-2021|03:12:02|2|0|C8A56BC3C00E7CF23ED6E66F61B17893|
1000|/home/apo/ACE414_labs/lab5/src_corpus/files/file_3.txt|16-12-2021|03:12:02|0|0|00000000000000000000000000000000|
1000|/home/apo/ACE414_labs/lab5/src_corpus/files/file_3.txt|16-12-2021|03:12:02|2|0|C3989B1A49EEF5400567CBB15C031437|
1000|/home/apo/ACE414_labs/lab5/src_corpus/files/file_4.txt|16-12-2021|03:12:02|0|0|00000000000000000000000000000000|
1000|/home/apo/ACE414_labs/lab5/src_corpus/files/file_4.txt|16-12-2021|03:12:02|2|0|E4C2EF2072AC63CC78277B94D8AD389C|
1000|/home/apo/ACE414_labs/lab5/src_corpus/files/file_5.txt|16-12-2021|03:12:02|0|0|00000000000000000000000000000000|
1000|/home/apo/ACE414_labs/lab5/src_corpus/files/file_5.txt|16-12-2021|03:12:02|2|0|095DD11A9469B57EBF92C5E42E53E85D|
1000|/home/apo/ACE414_labs/lab5/src_corpus/files/file_6.txt|16-12-2021|03:12:02|0|0|00000000000000000000000000000000|
1000|/home/apo/ACE414_labs/lab5/src_corpus/files/file_6.txt|16-12-2021|03:12:02|2|0|F3BB940E6132EDAD8DBB219E89C3D945|
1000|/home/apo/ACE414_labs/lab5/src_corpus/files/file_7.txt|16-12-2021|03:12:02|0|0|00000000000000000000000000000000|
1000|/home/apo/ACE414_labs/lab5/src_corpus/files/file_7.txt|16-12-2021|03:12:02|2|0|81DB879FF4C006ADCB632FFB939B754C|
1000|/home/apo/ACE414_labs/lab5/src_corpus/files/file_8.txt|16-12-2021|03:12:02|0|0|00000000000000000000000000000000|
1000|/home/apo/ACE414_labs/lab5/src_corpus/files/file_8.txt|16-12-2021|03:12:02|2|0|AA19ACC7ADF5D3FF89A5F5652B1639F0|
1000|/home/apo/ACE414_labs/lab5/src_corpus/files/file_9.txt|16-12-2021|03:12:02|0|0|00000000000000000000000000000000|
1000|/home/apo/ACE414_labs/lab5/src_corpus/files/file_9.txt|16-12-2021|03:12:02|2|0|68263F410B89C53F2575B62165786F02|
1000|/home/apo/ACE414_labs/lab5/src_corpus/files/file_10.txt|16-12-2021|03:12:02|0|0|00000000000000000000000000000000|
1000|/home/apo/ACE414_labs/lab5/src_corpus/files/file_10.txt|16-12-2021|03:12:02|2|0|36A7D5BB056E5B82B91EAA1387555834|
1000|/home/apo/ACE414_labs/lab5/src_corpus/files/file_11.txt|16-12-2021|03:12:02|0|0|00000000000000000000000000000000|
1000|/home/apo/ACE414_labs/lab5/src_corpus/files/file_11.txt|16-12-2021|03:12:02|2|0|595CC07CB63366612A741E5F7EF039BD|
1000|/home/apo/ACE414_labs/lab5/src_corpus/files/file_12.txt|16-12-2021|03:12:02|0|0|00000000000000000000000000000000|
1000|/home/apo/ACE414_labs/lab5/src_corpus/files/file_12.txt|16-12-2021|03:12:02|2|0|A9F31A1DEBD02373B0AD32D9472A6AB7|
1000|/home/apo/ACE414_labs/lab5/src_corpus/files/file_13.txt|16-12-2021|03:12:02|0|0|00000000000000000000000000000000|
1000|/home/apo/ACE414_labs/lab5/src_corpus/files/file_13.txt|16-12-2021|03:12:02|2|0|786EF627CCA667DDEFA00306BB5D865B|
1000|/home/apo/ACE414_labs/lab5/src_corpus/files/file_14.txt|16-12-2021|03:12:02|0|0|00000000000000000000000000000000|
1000|/home/apo/ACE414_labs/lab5/src_corpus/files/file_14.txt|16-12-2021|03:12:02|2|0|8DB2B6DEC3CC04C935DF4A7FAF11D087|
1000|/home/apo/ACE414_labs/lab5/src_corpus/files/file_15.txt|16-12-2021|03:12:02|0|0|00000000000000000000000000000000|
1000|/home/apo/ACE414_labs/lab5/src_corpus/files/file_15.txt|16-12-2021|03:12:02|2|0|077976ACF700BF67F6FAF498B48AA8D2|
1000|/home/apo/ACE414_labs/lab5/src_corpus/files/file_16.txt|16-12-2021|03:12:02|0|0|00000000000000000000000000000000|
1000|/home/apo/ACE414_labs/lab5/src_corpus/files/file_16.txt|16-12-2021|03:12:02|2|0|755AF99AD24C1254FD05F49286CBB1C4|
1000|/home/apo/ACE414_labs/lab5/src_corpus/files/file_17.txt|16-12-2021|03:12:02|0|0|00000000000000000000000000000000|
1000|/home/apo/ACE414_labs/lab5/src_corpus/files/file_17.txt|16-12-2021|03:12:02|2|0|3A133393EB917CB4D5C24469B8FC19E1|
1000|/home/apo/ACE414_labs/lab5/src_corpus/files/file_18.txt|16-12-2021|03:12:02|0|0|00000000000000000000000000000000|
1000|/home/apo/ACE414_labs/lab5/src_corpus/files/file_18.txt|16-12-2021|03:12:02|2|0|3CB8C2AFAC2BE642206BA2645C0053CD|
1000|/home/apo/ACE414_labs/lab5/src_corpus/files/file_19.txt|16-12-2021|03:12:02|0|0|00000000000000000000000000000000|
1000|/home/apo/ACE414_labs/lab5/src_corpus/files/file_19.txt|16-12-2021|03:12:02|2|0|C54F600854268C8653DB0C48E1E45D9A|
1000|/home/apo/ACE414_labs/lab5/src_corpus/files/file_20.txt|16-12-2021|03:12:02|0|0|00000000000000000000000000000000|
1000|/home/apo/ACE414_labs/lab5/src_corpus/files/file_20.txt|16-12-2021|03:12:02|2|0|E3ED6930DBE1415CEB62020F1072073C|
1000|/home/apo/ACE414_labs/lab5/src_corpus/files/file_21.txt|16-12-2021|03:12:02|0|0|00000000000000000000000000000000|
1000|/home/apo/ACE414_labs/lab5/src_corpus/files/file_21.txt|16-12-2021|03:12:02|2|0|D53AD83A76FD193F88B2A24BFE15DD8A|
1000|/home/apo/ACE414_labs/lab5/src_corpus/files/file_22.txt|16-12-2021|03:12:02|0|0|00000000000000000000000000000000|
1000|/home/apo/ACE414_labs/lab5/src_corpus/files/file_22.txt|16-12-2021|03:12:02|2|0|1DF2D10AF6A5379FD0D856CC47295775|
1000|/home/apo/ACE414_labs/lab5/src_corpus/files/file_23.txt|16-12-2021|03:12:02|0|0|00000000000000000000000000000000|
1000|/home/apo/ACE414_labs/lab5/src_corpus/files/file_23.txt|16-12-2021|03:12:02|2|0|58BD017066AC30275EFCC1A541CA13F3|
1000|/home/apo/ACE414_labs/lab5/src_corpus/files/file_24.txt|16-12-2021|03:12:02|0|0|00000000000000000000000000000000|
1000|/home/apo/ACE414_labs/lab5/src_corpus/files/file_24.txt|16-12-2021|03:12:02|2|0|11C701594A0763B4CEF4932843B453E0|
1000|/home/apo/ACE414_labs/lab5/src_corpus/files/file_25.txt|16-12-2021|03:12:02|0|0|00000000000000000000000000000000|
1000|/home/apo/ACE414_labs/lab5/src_corpus/files/file_25.txt|16-12-2021|03:12:02|2|0|B192BCC33273308041ACC61DF1D73F59|
1000|/home/apo/ACE414_labs/lab5/src_corpus/files/file_26.txt|16-12-2021|03:12:02|0|0|00000000000000000000000000000000|
1000|/home/apo/ACE414_labs/lab5/src_corpus/files/file_26.txt|16-12-2021|03:12:02|2|0|B8CA3AACBD7B3BB2379A5D34E4CB1BC4|
1000|/home/apo/ACE414_labs/lab5/src_corpus/files/file_27.txt|16-12-2021|03:12:02|0|0|00000000000000000000000000000000|
1000|/home/apo/ACE414_labs/lab5/src_corpus/files/file_27.txt|16-12-2021|03:12:02|2|0|7AE7E3646109C61B9FD706AAD8479A6E|
1000|/home/apo/ACE414_labs/lab5/src_corpus/files/file_28.txt|16-12-2021|03:12:02|0|0|00000000000000000000000000000000|
1000|/home/apo/ACE414_labs/lab5/src_corpus/files/file_28.txt|16-12-2021|03:12:02|2|0|EB8C92598ABBC3712CC62531B417BD09|
1000|/home/apo/ACE414_labs/lab5/src_corpus/files/file_29.txt|16-12-2021|03:12:02|0|0|00000000000000000000000000000000|
1000|/home/apo/ACE414_labs/lab5/src_corpus/files/file_29.txt|16-12-2021|03:12:02|2|0|8AEFA6E9FB4B54D1E9DC5F955535D272|
1000|/home/apo/ACE414_labs/lab5/src_corpus/files/file_30.txt|16-12-2021|03:12:02|0|0|00000000000000000000000000000000|
1000|/home/apo/ACE414_labs/lab5/src_corpus/files/file_30.txt|16-12-2021|03:12:02|2|0|A29356D9B3E3572E0D2D72EAF00838D1|
1000|/home/apo/ACE414_labs/lab5/src_corpus/files/file_31.txt|16-12-2021|03:12:02|0|0|00000000000000000000000000000000|
1000|/home/apo/ACE414_labs/lab5/src_corpus/files/file_31.txt|16-12-2021|03:12:02|2|0|F3AC76D7333B6548FE5110E7248A70C2|
1000|/home/apo/ACE414_labs/lab5/src_corpus/files/file_32.txt|16-12-2021|03:12:02|0|0|00000000000000000000000000000000|
1000|/home/apo/ACE414_labs/lab5/src_corpus/files/file_32.txt|16-12-2021|03:12:02|2|0|D45DF16B296808B1B12184F74DAB1E5F|
1000|/home/apo/ACE414_labs/lab5/src_corpus/files/file_33.txt|16-12-2021|03:12:02|0|0|00000000000000000000000000000000|
1000|/home/apo/ACE414_labs/lab5/src_corpus/files/file_33.txt|16-12-2021|03:12:02|2|0|26EE3FAE07C16B0206BC7D04F0A57A83|
1000|/home/apo/ACE414_labs/lab5/src_corpus/files/file_34.txt|16-12-2021|03:12:02|0|0|00000000000000000000000000000000|
1000|/home/apo/ACE414_labs/lab5/src_corpus/files/file_34.txt|16-12-2021|03:12:02|2|0|5BF28A7AC40DEE3A1F8525F308596E0C|
1000|/home/apo/ACE414_labs/lab5/src_corpus/files/file_35.txt|16-12-2021|03:12:02|0|0|00000000000000000000000000000000|
1000|/home/apo/ACE414_labs/lab5/src_corpus/files/file_35.txt|16-12-2021|03:12:02|2|0|1567FA6B147D2C7BCC3F4AAF8679250B|
1000|/home/apo/ACE414_labs/lab5/src_corpus/files/file_36.txt|16-12-2021|03:12:02|0|0|00000000000000000000000000000000|
1000|/home/apo/ACE414_labs/lab5/src_corpus/files/file_36.txt|16-12-2021|03:12:02|2|0|E1F5836FB4483F8CBDAA9561D8162F98|
1000|/home/apo/ACE414_labs/lab5/src_corpus/files/file_37.txt|16-12-2021|03:12:02|0|0|00000000000000000000000000000000|
1000|/home/apo/ACE414_labs/lab5/src_corpus/files/file_37.txt|16-12-2021|03:12:02|2|0|8DF02A37077C8522F3C21B2B10F87E44|
1000|/home/apo/ACE414_labs/lab5/src_corpus/files/file_38.txt|16-12-2021|03:12:02|0|0|00000000000000000000000000000000|
1000|/home/apo/ACE414_labs/lab5/src_corpus/files/file_38.txt|16-12-2021|03:12:02|2|0|854E75F552FFD168A5BBFD7995032928|
1000|/home/apo/ACE414_labs/lab5/src_corpus/files/file_39.txt|16-12-2021|03:12:02|0|0|00000000000000000000000000000000|
1000|/home/apo/ACE414_labs/lab5/src_corpus/files/file_39.txt|16-12-2021|03:12:02|2|0|ED1EADECE24A1D22DAE6570841CB4601|
1000|/home/apo/ACE414_labs/lab5/src_corpus/files/file_40.txt|16-12-2021|03:12:02|0|0|00000000000000000000000000000000|
1000|/home/apo/ACE414_labs/lab5/src_corpus/files/file_40.txt|16-12-2021|03:12:02|2|0|624C9F35D0AC05B1A27D8E29F5B1B22F|
1000|/home/apo/ACE414_labs/lab5/src_corpus/files/file_41.txt|16-12-2021|03:12:02|0|0|00000000000000000000000000000000|
1000|/home/apo/ACE414_labs/lab5/src_corpus/files/file_41.txt|16-12-2021|03:12:02|2|0|23F67DB22E998B386FA051FB479726F1|
1000|/home/apo/ACE414_labs/lab5/src_corpus/files/file_42.txt|16-12-2021|03:12:02|0|0|00000000000000000000000000000000|
1000|/home/apo/ACE414_labs/lab5/src_corpus/files/file_42.txt|16-12-2021|03:12:02|2|0|8785C6EC3D44F65ECA34549B121C63CF|
1000|/home/apo/ACE414_labs/lab5/src_corpus/files/file_43.txt|16-12-2021|03:12:02|0|0|00000000000000000000000000000000|
1000|/home/apo/ACE414_labs/lab5/src_corpus/files/file_43.txt|16-12-2021|03:12:02|2|0|917B90F952714EF2B8C4EFC7409E123E|
1000|/home/apo/ACE414_labs/lab5/src_corpus/files/file_44.txt|16-12-2021|03:12:02|0|0|00000000000000000000000000000000|
1000|/home/apo/ACE414_labs/lab5/src_corpus/files/file_44.txt|16-12-2021|03:12:02|2|0|72C6C26FBF00E0DD05096989B246FA89|
1000|/home/apo/ACE414_labs/lab5/src_corpus/files/file_45.txt|16-12-2021|03:12:02|0|0|00000000000000000000000000000000|
1000|/home/apo/ACE414_labs/lab5/src_corpus/files/file_45.txt|16-12-2021|03:12:02|2|0|B660F9E5D66B9AEF6248ADC787CB02D9|
1000|/home/apo/ACE414_labs/lab5/src_corpus/files/file_46.txt|16-12-2021|03:12:02|0|0|00000000000000000000000000000000|
1000|/home/apo/ACE414_labs/lab5/src_corpus/files/file_46.txt|16-12-2021|03:12:02|2|0|58ECCE8978462B475E75B9814A9F67CF|
1000|/home/apo/ACE414_labs/lab5/src_corpus/files/file_47.txt|16-12-2021|03:12:02|0|0|00000000000000000000000000000000|
1000|/home/apo/ACE414_labs/lab5/src_corpus/files/file_47.txt|16-12-2021|03:12:02|2|0|5039A7EACB968EB0D5ABE29EDECE4A07|
1000|/home/apo/ACE414_labs/lab5/src_corpus/files/file_48.txt|16-12-2021|03:12:02|0|0|00000000000000000000000000000000|
1000|/home/apo/ACE414_labs/lab5/src_corpus/files/file_48.txt|16-12-2021|03:12:02|2|0|3775AEFC1CA388B09712C553CFD50CCF|
1000|/home/apo/ACE414_labs/lab5/src_corpus/files/file_49.txt|16-12-2021|03:12:02|0|0|00000000000000000000000000000000|
1000|/home/apo/ACE414_labs/lab5/src_corpus/files/file_49.txt|16-12-2021|03:12:02|2|0|3137CA10C0906CB90773A6C3FB4BA92D|
1000|/home/apo/ACE414_labs/lab5/src_corpus/files/file_50.txt|16-12-2021|03:12:02|0|0|00000000000000000000000000000000|
1000|/home/apo/ACE414_labs/lab5/src_corpus/files/file_50.txt|16-12-2021|03:12:02|2|0|E29A24E4495B17DDEEF7DBE77A3D7537|
1000|/home/apo/ACE414_labs/lab5/src_corpus/files/file_51.txt|16-12-2021|03:12:02|0|0|00000000000000000000000000000000|
1000|/home/apo/ACE414_labs/lab5/src_corpus/files/file_51.txt|16-12-2021|03:12:02|2|0|EF2DB8B10EF46075F19A94022DDB45EF|
1000|/home/apo/ACE414_labs/lab5/src_corpus/files/file_52.txt|16-12-2021|03:12:02|0|0|00000000000000000000000000000000|
1000|/home/apo/ACE414_labs/lab5/src_corpus/files/file_52.txt|16-12-2021|03:12:02|2|0|BD102054B1FF8A2FED78B3F51DA6F49A|
1000|/home/apo/ACE414_labs/lab5/src_corpus/files/file_53.txt|16-12-2021|03:12:02|0|0|00000000000000000000000000000000|
1000|/home/apo/ACE414_labs/lab5/src_corpus/files/file_53.txt|16-12-2021|03:12:02|2|0|1421EE1770CB2FA19A2B1DBC4A9D6617|
1000|/home/apo/ACE414_labs/lab5/src_corpus/files/file_54.txt|16-12-2021|03:12:02|0|0|00000000000000000000000000000000|
1000|/home/apo/ACE414_labs/lab5/src_corpus/files/file_54.txt|16-12-2021|03:12:02|2|0|DD88E853CA0E7878732D6041211DD2F8|
1000|/home/apo/ACE414_labs/lab5/src_corpus/files/file_55.txt|16-12-2021|03:12:02|0|0|00000000000000000000000000000000|
1000|/home/apo/ACE414_labs/lab5/src_corpus/files/file_55.txt|16-12-2021|03:12:02|2|0|1A8B1E021B7FF3497DD88F5A53272789|
1000|/home/apo/ACE414_labs/lab5/src_corpus/files/file_56.txt|16-12-2021|03:12:02|0|0|00000000000000000000000000000000|
1000|/home/apo/ACE414_labs/lab5/src_corpus/files/file_56.txt|16-12-2021|03:12:02|2|0|82030D3E1EF5AF9AFD47A12D95134415|
1000|/home/apo/ACE414_labs/lab5/src_corpus/files/file_57.txt|16-12-2021|03:12:02|0|0|00000000000000000000000000000000|
1000|/home/apo/ACE414_labs/lab5/src_corpus/files/file_57.txt|16-12-2021|03:12:02|2|0|DBC776E4E7046AA5CEB5CF29D1B79A6F|
1000|/home/apo/ACE414_labs/lab5/src_corpus/files/file_58.txt|16-12-2021|03:12:02|0|0|00000000000000000000000000000000|
1000|/home/apo/ACE414_labs/lab5/src_corpus/files/file_58.txt|16-12-2021|03:12:02|2|0|DD6B50814E0B9E84BE3F0AAF885AAF57|
1000|/home/apo/ACE414_labs/lab5/src_corpus/files/file_59.txt|16-12-2021|03:12:02|0|0|00000000000000000000000000000000|
1000|/home/apo/ACE414_labs/lab5/src_corpus/files/file_59.txt|16-12-2021|03:12:02|2|0|4DBDBDEEE42462DFAAAB3AB042A558A6|
1000|/home/apo/ACE414_labs/lab5/src_corpus/files/file_60.txt|16-12-2021|03:12:02|0|0|00000000000000000000000000000000|
1000|/home/apo/ACE414_labs/lab5/src_corpus/files/file_60.txt|16-12-2021|03:12:02|2|0|AE51EA261E90D417DEC004C916540052|
1000|/home/apo/ACE414_labs/lab5/src_corpus/files/file_61.txt|16-12-2021|03:12:02|0|0|00000000000000000000000000000000|
1000|/home/apo/ACE414_labs/lab5/src_corpus/files/file_61.txt|16-12-2021|03:12:02|2|0|5016DC2CECC358182F39F9040C561E93|
1000|/home/apo/ACE414_labs/lab5/src_corpus/files/file_62.txt|16-12-2021|03:12:02|0|0|00000000000000000000000000000000|
1000|/home/apo/ACE414_labs/lab5/src_corpus/files/file_62.txt|16-12-2021|03:12:02|2|0|A59B3988951DA827B4201A549D1FADA1|
1000|/home/apo/ACE414_labs/lab5/src_corpus/files/file_63.txt|16-12-2021|03:12:02|0|0|00000000000000000000000000000000|
1000|/home/apo/ACE414_labs/lab5/src_corpus/files/file_63.txt|16-12-2021|03:12:02|2|0|B0C97F6A00D50AA754758573298250B6|
1000|/home/apo/ACE414_labs/lab5/src_corpus/files/file_64.txt|16-12-2021|03:12:02|0|0|00000000000000000000000000000000|
1000|/home/apo/ACE414_labs/lab5/src_corpus/files/file_64.txt|16-12-2021|03:12:02|2|0|EDA02F4FC5430F2A3DD54B03D3E898A7|
1000|/home/apo/ACE414_labs/lab5/src_corpus/files/file_65.txt|16-12-2021|03:12:02|0|0|00000000000000000000000000000000|
1000|/home/apo/ACE414_labs/lab5/src_corpus/files/file_65.txt|16-12-2021|03:12:02|2|0|F7D96E0757BF00BBEDF92CAD40D6362C|
1000|/home/apo/ACE414_labs/lab5/src_corpus/files/file_66.txt|16-12-2021|03:12:02|0|0|00000000000000000000000000000000|
1000|/home/apo/ACE414_labs/lab5/src_corpus/files/file_66.txt|16-12-2021|03:12:02|2|0|BF5264AAB69E7E7485E93574FA08B9D0|
1000|/home/apo/ACE414_labs/lab5/src_corpus/files/file_67.txt|16-12-2021|03:12:02|0|0|00000000000000000000000000000000|
1000|/home/apo/ACE414_labs/lab5/src_corpus/files/file_67.txt|16-12-2021|03:12:02|2|0|E49AFA33A613DD43F8CCA3AC130EF1B4|
1000|/home/apo/ACE414_labs/lab5/src_corpus/files/file_68.txt|16-12-2021|03:12:02|0|0|00000000000000000000000000000000|
1000|/home/apo/ACE414_labs/lab5/src_corpus/files/file_68.txt|16-12-2021|03:12:02|2|0|371E268741038E3A04F6B49146927B88|
1000|/home/apo/ACE414_labs/lab5/src_corpus/files/file_69.txt|16-12-2021|03:12:02|0|0|00000000000000000000000000000000|
1000|/home/apo/ACE414_labs/lab5/src_corpus/files/file_69.txt|16-12-2021|03:12:02|2|0|7C602F442B57FFDBA3EB34AE0F675C4F|
1000|/home/apo/ACE414_labs/lab5/src_corpus/files/file_70.txt|16-12-2021|03:12:02|0|0|00000000000000000000000000000000|
1000|/home/apo/ACE414_labs/lab5/src_corpus/files/file_70.txt|16-12-2021|03:12:02|2|0|B16A4B9D8E897DF32A64DE19EC3F47DA|
1000|/home/apo/ACE414_labs/lab5/src_corpus/files/file_71.txt|16-12-2021|03:12:02|0|0|00000000000000000000000000000000|
1000|/home/apo/ACE414_labs/lab5/src_corpus/files/file_71.txt|16-12-2021|03:12:02|2|0|338E197841D09FF672394236C6879364|
1000|/home/apo/ACE414_labs/lab5/src_corpus/files/file_72.txt|16-12-2021|03:12:02|0|0|00000000000000000000000000000000|
1000|/home/apo/ACE414_labs/lab5/src_corpus/files/file_72.txt|16-12-2021|03:12:02|2|0|73E8431DE096E61B688B50BAB496443A|
1000|/home/apo/ACE414_labs/lab5/src_corpus/files/file_73.txt|16-12-2021|03:12:02|0|0|00000000000000000000000000000000|
1000|/home/apo/ACE414_labs/lab5/src_corpus/files/file_73.txt|16-12-2021|03:12:02|2|0|2129CDDEED375F4BC3EFB1905AD99076|
1000|/home/apo/ACE414_labs/lab5/src_corpus/files/file_74.txt|16-12-2021|03:12:02|0|0|00000000000000000000000000000000|
1000|/home/apo/ACE414_labs/lab5/src_corpus/files/file_74.txt|16-12-2021|03:12:02|2|0|C3BFBDD92F8223227EFBFD6CEC1AB0B5|
1000|/home/apo/ACE414_labs/lab5/src_corpus/files/file_75.txt|16-12-2021|03:12:02|0|0|00000000000000000000000000000000|
1000|/home/apo/ACE414_labs/lab5/src_corpus/files/file_75.txt|16-12-2021|03:12:02|2|0|3C134FCCCF977ABA0A17C19EFDB78E79|
1000|/home/apo/ACE414_labs/lab5/src_corpus/files/file_76.txt|16-12-2021|03:12:02|0|0|00000000000000000000000000000000|
1000|/home/apo/ACE414_labs/lab5/src_corpus/files/file_76.txt|16-12-2021|03:12:02|2|0|FF0C4920EC9845CCA405D3F96FAEE0A9|
1000|/home/apo/ACE414_labs/lab5/src_corpus/files/file_77.txt|16-12-2021|03:12:02|0|0|00000000000000000000000000000000|
1000|/home/apo/ACE414_labs/lab5/src_corpus/files/file_77.txt|16-12-2021|03:12:02|2|0|A7ED543845B7190CAB28DF08F9C7AE0A|
1000|/home/apo/ACE414_labs/lab5/src_corpus/files/file_78.txt|16-12-2021|03:12:02|0|0|00000000000000000000000000000000|
1000|/home/apo/ACE414_labs/lab5/src_corpus/files/file_78.txt|16-12-2021|03:12:02|2|0|52DF8D2B178B795B0805E61FBA63AB28|
1000|/home/apo/ACE414_labs/lab5/src_corpus/files/file_79.txt|16-12-2021|03:12:02|0|0|00000000000000000000000000000000|
1000|/home/apo/ACE414_labs/lab5/src_corpus/files/file_79.txt|16-12-2021|03:12:02|2|0|87CD953B21BBD7A8C878F1FCFC2CF529|
1000|/home/apo/ACE414_labs/lab5/src_corpus/files/file_80.txt|16-12-2021|03:12:02|0|0|00000000000000000000000000000000|
1000|/home/apo/ACE414_labs/lab5/src_corpus/files/file_80.txt|16-12-2021|03:12:02|2|0|CF2770C41264453AD61CBDAC76D3D8C9|
1000|/home/apo/ACE414_labs/lab5/src_corpus/files/file_81.txt|16-12-2021|03:12:02|0|0|00000000000000000000000000000000|
1000|/home/apo/ACE414_labs/lab5/src_corpus/files/file_81.txt|16-12-2021|03:12:02|2|0|DAD76C51D477AA8878FF033D4097236D|
1000|/home/apo/ACE414_labs/lab5/src_corpus/files/file_82.txt|16-12-2021|03:12:02|0|0|00000000000000000000000000000000|
1000|/home/apo/ACE414_labs/lab5/src_corpus/files/file_82.txt|16-12-2021|03:12:02|2|0|6FD3025A6369DFB3212847E4ECD7D8EF|
1000|/home/apo/ACE414_labs/lab5/src_corpus/files/file_83.txt|16-12-2021|03:12:02|0|0|00000000000000000000000000000000|
1000|/home/apo/ACE414_labs/lab5/src_corpus/files/file_83.txt|16-12-2021|03:12:02|2|0|21E4AFE4B2484F122F045BCC36724250|
1000|/home/apo/ACE414_labs/lab5/src_corpus/files/file_84.txt|16-12-2021|03:12:02|0|0|00000000000000000000000000000000|
1000|/home/apo/ACE414_labs/lab5/src_corpus/files/file_84.txt|16-12-2021|03:12:02|2|0|158ED3B8A27EF64E7EBC05D95A08D9BC|
1000|/home/apo/ACE414_labs/lab5/src_corpus/files/file_85.txt|16-12-2021|03:12:02|0|0|00000000000000000000000000000000|
1000|/home/apo/ACE414_labs/lab5/src_corpus/files/file_85.txt|16-12-2021|03:12:02|2|0|CFD77569E3E6E9CBA22359C42F90B90D|
1000|/home/apo/ACE414_labs/lab5/src_corpus/files/file_86.txt|16-12-2021|03:12:02|0|0|00000000000000000000000000000000|
1000|/home/apo/ACE414_labs/lab5/src_corpus/files/file_86.txt|16-12-2021|03:12:02|2|0|308B15155D9085A33B1503FBC757164A|
1000|/home/apo/ACE414_labs/lab5/src_corpus/files/file_87.txt|16-12-2021|03:12:02|0|0|00000000000000000000000000000000|
1000|/home/apo/ACE414_labs/lab5/src_corpus/files/file_87.txt|16-12-2021|03:12:02|2|0|A6F81E9293B3AC1C1F64387A4DD21E89|
1000|/home/apo/ACE414_labs/lab5/src_corpus/files/file_88.txt|16-12-2021|03:12:02|0|0|00000000000000000000000000000000|
1000|/home/apo/ACE414_labs/lab5/src_corpus/files/file_88.txt|16-12-2021|03:12:02|2|0|E9A1C5CFE07D510F477F23D670D92A63|
1000|/home/apo/ACE414_labs/lab5/src_corpus/files/file_89.txt|16-12-2021|03:12:02|0|0|00000000000000000000000000000000|
1000|/home/apo/ACE414_labs/lab5/src_corpus/files/file_89.txt|16-12-2021|03:12:02|2|0|3672A72E8597C6B8D0391BB23B7E10A2|
1000|/home/apo/ACE414_labs/lab5/src_corpus/files/file_90.txt|16-12-2021|03:12:02|0|0|00000000000000000000000000000000|
1000|/home/apo/ACE414_labs/lab5/src_corpus/files/file_90.txt|16-12-2021|03:12:02|2|0|7A57F53A317AFD9A17A1DA3AD63A5265|
1000|/home/apo/ACE414_labs/lab5/src_corpus/files/file_91.txt|16-12-2021|03:12:02|0|0|00000000000000000000000000000000|
1000|/home/apo/ACE414_labs/lab5/src_corpus/files/file_91.txt|16-12-2021|03:12:02|2|0|4BF556C506914390C72A4CB522BC2EE1|
1000|/home/apo/ACE414_labs/lab5/src_corpus/files/file_92.txt|16-12-2021|03:12:02|0|0|00000000000000000000000000000000|
1000|/home/apo/ACE414_labs/lab5/src_corpus/files/file_92.txt|16-12-2021|03:12:02|2|0|0E549CC347FACC968CAD719A55D6614D|
1000|/home/apo/ACE414_labs/lab5/src_corpus/files/file_93.txt|16-12-2021|03:12:02|0|0|00000000000000000000000000000000|
1000|/home/apo/ACE414_labs/lab5/src_corpus/files/file_93.txt|16-12-2021|03:12:02|2|0|4786A11B9544C0DEB599DA94780914A1|
1000|/home/apo/ACE414_labs/lab5/src_corpus/files/file_94.txt|16-12-2021|03:12:02|0|0|00000000000000000000000000000000|
1000|/home/apo/ACE414_labs/lab5/src_corpus/files/file_94.txt|16-12-2021|03:12:02|2|0|8D90589937FB5A095E233CA80B55A487|
1000|/home/apo/ACE414_labs/lab5/src_corpus/files/file_95.txt|16-12-2021|03:12:02|0|0|00000000000000000000000000000000|
1000|/home/apo/ACE414_labs/lab5/src_corpus/files/file_95.txt|16-12-2021|03:12:02|2|0|62E4E763FE4DF4F85708D7A41D4C0CB8|
1000|/home/apo/ACE414_labs/lab5/src_corpus/files/file_96.txt|16-12-2021|03:12:02|0|0|00000000000000000000000000000000|
1000|/home/apo/ACE414_labs/lab5/src_corpus/files/file_96.txt|16-12-2021|03:12:02|2|0|CDBD1F2746657129D38D1247F2C2AB8D|
1000|/home/apo/ACE414_labs/lab5/src_corpus/files/file_97.txt|16-12-2021|03:12:02|0|0|00000000000000000000000000000000|
1000|/home/apo/ACE414_labs/lab5/src_corpus/files/file_97.txt|16-12-2021|03:12:02|2|0|7AE52EFFDFCF15C3D040F0DF5A7C1495|
1000|/home/apo/ACE414_labs/lab5/src_corpus/files/file_98.txt|16-12-2021|03:12:02|0|0|00000000000000000000000000000000|
1000|/home/apo/ACE414_labs/lab5/src_corpus/files/file_98.txt|16-12-2021|03:12:02|2|0|2B387F0B5E9A30F6FE59A59C6F90E4B2|
1000|/home/apo/ACE414_labs/lab5/src_corpus/files/file_99.txt|16-12-2021|03:12:02|0|0|00000000000000000000000000000000|
1000|/home/apo/ACE414_labs/lab5/src_corpus/files/file_99.txt|16-12-2021|03:12:02|2|0|757F205E0CCF8E8F760EEACFA5F223FE|
1000|/etc/ssl/openssl.cnf|16-12-2021|03:12:24|1|0|FB92A2DAB53F11F4F5F22ADC5257B553|
1000|/home/apo/ACE414_labs/lab5/src_corpus/files/file_0.txt|16-12-2021|03:12:24|1|0|2DE9B73C1FD7397B09937BF3F98C6A9C|
1000|/home/apo/ACE414_labs/lab5/src_corpus/files/file_0.txt.encrypt|16-12-2021|03:12:24|0|0|00000000000000000000000000000000|
1000|/home/apo/ACE414_labs/lab5/src_corpus/files/file_0.txt.encrypt|16-12-2021|03:12:24|2|0|6FF0100DA6A0F8A99AD86006B642D4FB|
1000|/home/apo/ACE414_labs/lab5/src_corpus/files/file_0.txt.encrypt|16-12-2021|03:12:24|2|0|4D43675DAAC713A1DBE17F5965FCC127|
1000|/home/apo/ACE414_labs/lab5/src_corpus/files/file_0.txt.encrypt|16-12-2021|03:12:24|2|0|82BA6CDEA83F009F049E3162AE383484|
1000|/home/apo/ACE414_labs/lab5/src_corpus/files/file_0.txt.encrypt|16-12-2021|03:12:24|2|0|5BE74BCE362567091639E71C388D6E18|
1000|/etc/ssl/openssl.cnf|16-12-2021|03:12:24|1|0|FB92A2DAB53F11F4F5F22ADC5257B553|
1000|/home/apo/ACE414_labs/lab5/src_corpus/files/file_1.txt|16-12-2021|03:12:24|1|0|03A4AFC6C39BD5DB2B8AD94F3D5E00F7|
1000|/home/apo/ACE414_labs/lab5/src_corpus/files/file_1.txt.encrypt|16-12-2021|03:12:24|0|0|00000000000000000000000000000000|
1000|/home/apo/ACE414_labs/lab5/src_corpus/files/file_1.txt.encrypt|16-12-2021|03:12:24|2|0|6FF0100DA6A0F8A99AD86006B642D4FB|
1000|/home/apo/ACE414_labs/lab5/src_corpus/files/file_1.txt.encrypt|16-12-2021|03:12:24|2|0|960F162724EF46F28EC6521F6367C6E8|
1000|/home/apo/ACE414_labs/lab5/src_corpus/files/file_1.txt.encrypt|16-12-2021|03:12:24|2|0|1EB38387442F59A9C8FAFA3A30D708DD|
1000|/home/apo/ACE414_labs/lab5/src_corpus/files/file_1.txt.encrypt|16-12-2021|03:12:24|2|0|A721688C9E2E3AAD6D6FC4BE7B9C0719|
1000|/etc/ssl/openssl.cnf|16-12-2021|03:12:24|1|0|FB92A2DAB53F11F4F5F22ADC5257B553|
1000|/home/apo/ACE414_labs/lab5/src_corpus/files/file_2.txt|16-12-2021|03:12:24|1|0|C8A56BC3C00E7CF23ED6E66F61B17893|
1000|/home/apo/ACE414_labs/lab5/src_corpus/files/file_2.txt.encrypt|16-12-2021|03:12:24|0|0|00000000000000000000000000000000|
1000|/home/apo/ACE414_labs/lab5/src_corpus/files/file_2.txt.encrypt|16-12-2021|03:12:24|2|0|6FF0100DA6A0F8A99AD86006B642D4FB|
1000|/home/apo/ACE414_labs/lab5/src_corpus/files/file_2.txt.encrypt|16-12-2021|03:12:24|2|0|45BF99BFDE81D7A9D35B85FFC8BF344E|
1000|/home/apo/ACE414_labs/lab5/src_corpus/files/file_2.txt.encrypt|16-12-2021|03:12:24|2|0|EA50E1A6CF65729E9D1FBC8069832577|
1000|/home/apo/ACE414_labs/lab5/src_corpus/files/file_2.txt.encrypt|16-12-2021|03:12:24|2|0|6A12EFD2627AA7736EC418F842CAA4C5|
1000|/etc/ssl/openssl.cnf|16-12-2021|03:12:24|1|0|FB92A2DAB53F11F4F5F22ADC5257B553|
1000|/home/apo/ACE414_labs/lab5/src_corpus/files/file_3.txt|16-12-2021|03:12:24|1|0|C3989B1A49EEF5400567CBB15C031437|
1000|/home/apo/ACE414_labs/lab5/src_corpus/files/file_3.txt.encrypt|16-12-2021|03:12:24|0|0|00000000000000000000000000000000|
1000|/home/apo/ACE414_labs/lab5/src_corpus/files/file_3.txt.encrypt|16-12-2021|03:12:24|2|0|6FF0100DA6A0F8A99AD86006B642D4FB|
1000|/home/apo/ACE414_labs/lab5/src_corpus/files/file_3.txt.encrypt|16-12-2021|03:12:24|2|0|61F07889D1FF48DF53129BA96D909BCA|
1000|/home/apo/ACE414_labs/lab5/src_corpus/files/file_3.txt.encrypt|16-12-2021|03:12:24|2|0|6275BA7B5FAA705F3B0EEFA567149F5A|
1000|/home/apo/ACE414_labs/lab5/src_corpus/files/file_3.txt.encrypt|16-12-2021|03:12:24|2|0|DD202D9457BFA74CA6527C6E2CEAF6A8|
1000|/etc/ssl/openssl.cnf|16-12-2021|03:12:24|1|0|FB92A2DAB53F11F4F5F22ADC5257B553|
1000|/home/apo/ACE414_labs/lab5/src_corpus/files/file_4.txt|16-12-2021|03:12:24|1|0|E4C2EF2072AC63CC78277B94D8AD389C|
1000|/home/apo/ACE414_labs/lab5/src_corpus/files/file_4.txt.encrypt|16-12-2021|03:12:24|0|0|00000000000000000000000000000000|
1000|/home/apo/ACE414_labs/lab5/src_corpus/files/file_4.txt.encrypt|16-12-2021|03:12:24|2|0|6FF0100DA6A0F8A99AD86006B642D4FB|
1000|/home/apo/ACE414_labs/lab5/src_corpus/files/file_4.txt.encrypt|16-12-2021|03:12:24|2|0|5FB724ED26ACD9CDEDAA17ADB9613712|
1000|/home/apo/ACE414_labs/lab5/src_corpus/files/file_4.txt.encrypt|16-12-2021|03:12:24|2|0|912589E032BB0C259FFA4250CF341D7E|
1000|/home/apo/ACE414_labs/lab5/src_corpus/files/file_4.txt.encrypt|16-12-2021|03:12:24|2|0|E04CAEEBFC87E8240358982F27A4EABD|
1000|/etc/ssl/openssl.cnf|16-12-2021|03:12:24|1|0|FB92A2DAB53F11F4F5F22ADC5257B553|
1000|/home/apo/ACE414_labs/lab5/src_corpus/files/file_5.txt|16-12-2021|03:12:24|1|0|095DD11A9469B57EBF92C5E42E53E85D|
1000|/home/apo/ACE414_labs/lab5/src_corpus/files/file_5.txt.encrypt|16-12-2021|03:12:24|0|0|00000000000000000000000000000000|
1000|/home/apo/ACE414_labs/lab5/src_corpus/files/file_5.txt.encrypt|16-12-2021|03:12:24|2|0|6FF0100DA6A0F8A99AD86006B642D4FB|
1000|/home/apo/ACE414_labs/lab5/src_corpus/files/file_5.txt.encrypt|16-12-2021|03:12:24|2|0|B1DC4B82F0CC5851FD12E5FA461FCAD6|
1000|/home/apo/ACE414_labs/lab5/src_corpus/files/file_5.txt.encrypt|16-12-2021|03:12:24|2|0|93275A028530E617B69E3305C9263A3F|
1000|/home/apo/ACE414_labs/lab5/src_corpus/files/file_5.txt.encrypt|16-12-2021|03:12:24|2|0|44193756C0CCDF9938B642A336AB79A4|
1000|/etc/ssl/openssl.cnf|16-12-2021|03:12:24|1|0|FB92A2DAB53F11F4F5F22ADC5257B553|
1000|/home/apo/ACE414_labs/lab5/src_corpus/files/file_6.txt|16-12-2021|03:12:24|1|0|F3BB940E6132EDAD8DBB219E89C3D945|
1000|/home/apo/ACE414_labs/lab5/src_corpus/files/file_6.txt.encrypt|16-12-2021|03:12:24|0|0|00000000000000000000000000000000|
1000|/home/apo/ACE414_labs/lab5/src_corpus/files/file_6.txt.encrypt|16-12-2021|03:12:24|2|0|6FF0100DA6A0F8A99AD86006B642D4FB|
1000|/home/apo/ACE414_labs/lab5/src_corpus/files/file_6.txt.encrypt|16-12-2021|03:12:24|2|0|038370198B9CF8B6E62079ACDC989E10|
1000|/home/apo/ACE414_labs/lab5/src_corpus/files/file_6.txt.encrypt|16-12-2021|03:12:24|2|0|E7E5F885E386CB314B905A15833AD03A|
1000|/home/apo/ACE414_labs/lab5/src_corpus/files/file_6.txt.encrypt|16-12-2021|03:12:24|2|0|A06446B54F9EDB6E40DBCA080153F93D|
1000|/etc/ssl/openssl.cnf|16-12-2021|03:12:24|1|0|FB92A2DAB53F11F4F5F22ADC5257B553|
1000|/home/apo/ACE414_labs/lab5/src_corpus/files/file_7.txt|16-12-2021|03:12:24|1|0|81DB879FF4C006ADCB632FFB939B754C|
1000|/home/apo/ACE414_labs/lab5/src_corpus/files/file_7.txt.encrypt|16-12-2021|03:12:24|0|0|00000000000000000000000000000000|
1000|/home/apo/ACE414_labs/lab5/src_corpus/files/file_7.txt.encrypt|16-12-2021|03:12:24|2|0|6FF0100DA6A0F8A99AD86006B642D4FB|
1000|/home/apo/ACE414_labs/lab5/src_corpus/files/file_7.txt.encrypt|16-12-2021|03:12:24|2|0|956C911D86A0F3D9310D37F0CB8E80E5|
1000|/home/apo/ACE414_labs/lab5/src_corpus/files/file_7.txt.encrypt|16-12-2021|03:12:24|2|0|246ADBFC182DB0C9DCEAB51EE239AB2A|
1000|/home/apo/ACE414_labs/lab5/src_corpus/files/file_7.txt.encrypt|16-12-2021|03:12:24|2|0|930D78B4414468077325B72323B8D691|
1000|/etc/ssl/openssl.cnf|16-12-2021|03:12:24|1|0|FB92A2DAB53F11F4F5F22ADC5257B553|
1000|/home/apo/ACE414_labs/lab5/src_corpus/files/file_8.txt|16-12-2021|03:12:24|1|0|AA19ACC7ADF5D3FF89A5F5652B1639F0|
1000|/home/apo/ACE414_labs/lab5/src_corpus/files/file_8.txt.encrypt|16-12-2021|03:12:24|0|0|00000000000000000000000000000000|
1000|/home/apo/ACE414_labs/lab5/src_corpus/files/file_8.txt.encrypt|16-12-2021|03:12:24|2|0|6FF0100DA6A0F8A99AD86006B642D4FB|
1000|/home/apo/ACE414_labs/lab5/src_corpus/files/file_8.txt.encrypt|16-12-2021|03:12:24|2|0|02BB34ACC23D18BE487F294AB7CA9B5A|
1000|/home/apo/ACE414_labs/lab5/src_corpus/files/file_8.txt.encrypt|16-12-2021|03:12:24|2|0|D4F6E3B55D3A9BF04DB67BFC0DAC027A|
1000|/home/apo/ACE414_labs/lab5/src_corpus/files/file_8.txt.encrypt|16-12-2021|03:12:24|2|0|1618305F1A30E4C8A0335BB3145E6DB5|
1000|/etc/ssl/openssl.cnf|16-12-2021|03:12:24|1|0|FB92A2DAB53F11F4F5F22ADC5257B553|
1000|/home/apo/ACE414_labs/lab5/src_corpus/files/file_9.txt|16-12-2021|03:12:24|1|0|68263F410B89C53F2575B62165786F02|
1000|/home/apo/ACE414_labs/lab5/src_corpus/files/file_9.txt.encrypt|16-12-2021|03:12:24|0|0|00000000000000000000000000000000|
1000|/home/apo/ACE414_labs/lab5/src_corpus/files/file_9.txt.encrypt|16-12-2021|03:12:24|2|0|6FF0100DA6A0F8A99AD86006B642D4FB|
1000|/home/apo/ACE414_labs/lab5/src_corpus/files/file_9.txt.encrypt|16-12-2021|03:12:24|2|0|DFBA295CEA27424B7BB0D69AF1528A27|
1000|/home/apo/ACE414_labs/lab5/src_corpus/files/file_9.txt.encrypt|16-12-2021|03:12:24|2|0|7DA72BB45C42F01FF1E46076C6DF415A|
1000|/home/apo/ACE414_labs/lab5/src_corpus/files/file_9.txt.encrypt|16-12-2021|03:12:24|2|0|89A52BFDE9CAEC16A6B4A190FF388879|
1000|/etc/ssl/openssl.cnf|16-12-2021|03:12:24|1|0|FB92A2DAB53F11F4F5F22ADC5257B553|
1000|/home/apo/ACE414_labs/lab5/src_corpus/files/file_10.txt|16-12-2021|03:12:24|1|0|36A7D5BB056E5B82B91EAA1387555834|
1000|/home/apo/ACE414_labs/lab5/src_corpus/files/file_10.txt.encrypt|16-12-2021|03:12:24|0|0|00000000000000000000000000000000|
1000|/home/apo/ACE414_labs/lab5/src_corpus/files/file_10.txt.encrypt|16-12-2021|03:12:24|2|0|6FF0100DA6A0F8A99AD86006B642D4FB|
1000|/home/apo/ACE414_labs/lab5/src_corpus/files/file_10.txt.encrypt|16-12-2021|03:12:24|2|0|C165E4F6F4BEF2B3D874EE9B9C0A5045|
1000|/home/apo/ACE414_labs/lab5/src_corpus/files/file_10.txt.encrypt|16-12-2021|03:12:24|2|0|89BBEF4606491FD8317EB7E415772731|
1000|/home/apo/ACE414_labs/lab5/src_corpus/files/file_10.txt.encrypt|16-12-2021|03:12:24|2|0|F5940D7C182DCDCEAE160ECACE7B45FA|
1000|/etc/ssl/openssl.cnf|16-12-2021|03:12:24|1|0|FB92A2DAB53F11F4F5F22ADC5257B553|
1000|/home/apo/ACE414_labs/lab5/src_corpus/files/file_11.txt|16-12-2021|03:12:24|1|0|595CC07CB63366612A741E5F7EF039BD|
1000|/home/apo/ACE414_labs/lab5/src_corpus/files/file_11.txt.encrypt|16-12-2021|03:12:24|0|0|00000000000000000000000000000000|
1000|/home/apo/ACE414_labs/lab5/src_corpus/files/file_11.txt.encrypt|16-12-2021|03:12:24|2|0|6FF0100DA6A0F8A99AD86006B642D4FB|
1000|/home/apo/ACE414_labs/lab5/src_corpus/files/file_11.txt.encrypt|16-12-2021|03:12:24|2|0|29742496D889FB568903934BA5433338|
1000|/home/apo/ACE414_labs/lab5/src_corpus/files/file_11.txt.encrypt|16-12-2021|03:12:24|2|0|9757F57FBBB7781FA4648AE1011CA0B5|
1000|/home/apo/ACE414_labs/lab5/src_corpus/files/file_11.txt.encrypt|16-12-2021|03:12:24|2|0|2C332F3B2CACFB6A66782CA5DE18A901|
1000|/etc/ssl/openssl.cnf|16-12-2021|03:12:24|1|0|FB92A2DAB53F11F4F5F22ADC5257B553|
1000|/home/apo/ACE414_labs/lab5/src_corpus/files/file_12.txt|16-12-2021|03:12:24|1|0|A9F31A1DEBD02373B0AD32D9472A6AB7|
1000|/home/apo/ACE414_labs/lab5/src_corpus/files/file_12.txt.encrypt|16-12-2021|03:12:24|0|0|00000000000000000000000000000000|
1000|/home/apo/ACE414_labs/lab5/src_corpus/files/file_12.txt.encrypt|16-12-2021|03:12:24|2|0|6FF0100DA6A0F8A99AD86006B642D4FB|
1000|/home/apo/ACE414_labs/lab5/src_corpus/files/file_12.txt.encrypt|16-12-2021|03:12:24|2|0|31C3F0619E8BE2AECC337D7379FC97CA|
1000|/home/apo/ACE414_labs/lab5/src_corpus/files/file_12.txt.encrypt|16-12-2021|03:12:24|2|0|0E9DFDD335D766A8BD92F0057C2A8748|
1000|/home/apo/ACE414_labs/lab5/src_corpus/files/file_12.txt.encrypt|16-12-2021|03:12:24|2|0|724F284E35DB7C9F9A2211AA6675EE5B|
1000|/etc/ssl/openssl.cnf|16-12-2021|03:12:24|1|0|FB92A2DAB53F11F4F5F22ADC5257B553|
1000|/home/apo/ACE414_labs/lab5/src_corpus/files/file_13.txt|16-12-2021|03:12:24|1|0|786EF627CCA667DDEFA00306BB5D865B|
1000|/home/apo/ACE414_labs/lab5/src_corpus/files/file_13.txt.encrypt|16-12-2021|03:12:24|0|0|00000000000000000000000000000000|
1000|/home/apo/ACE414_labs/lab5/src_corpus/files/file_13.txt.encrypt|16-12-2021|03:12:24|2|0|6FF0100DA6A0F8A99AD86006B642D4FB|
1000|/home/apo/ACE414_labs/lab5/src_corpus/files/file_13.txt.encrypt|16-12-2021|03:12:24|2|0|77A963AFBCBB2732760E9087BE776076|
1000|/home/apo/ACE414_labs/lab5/src_corpus/files/file_13.txt.encrypt|16-12-2021|03:12:24|2|0|A2BF685C2C3D6797B7BA71EF54131B51|
1000|/home/apo/ACE414_labs/lab5/src_corpus/files/file_13.txt.encrypt|16-12-2021|03:12:24|2|0|9C3A8B8432C30041FBB45B221BE1C868|
1000|/etc/ssl/openssl.cnf|16-12-2021|03:12:24|1|0|FB92A2DAB53F11F4F5F22ADC5257B553|
1000|/home/apo/ACE414_labs/lab5/src_corpus/files/file_14.txt|16-12-2021|03:12:24|1|0|8DB2B6DEC3CC04C935DF4A7FAF11D087|
1000|/home/apo/ACE414_labs/lab5/src_corpus/files/file_14.txt.encrypt|16-12-2021|03:12:24|0|0|00000000000000000000000000000000|
1000|/home/apo/ACE414_labs/lab5/src_corpus/files/file_14.txt.encrypt|16-12-2021|03:12:24|2|0|6FF0100DA6A0F8A99AD86006B642D4FB|
1000|/home/apo/ACE414_labs/lab5/src_corpus/files/file_14.txt.encrypt|16-12-2021|03:12:24|2|0|6184C9388D8547898D612492AC3F4C36|
1000|/home/apo/ACE414_labs/lab5/src_corpus/files/file_14.txt.encrypt|16-12-2021|03:12:24|2|0|AF67318A627E415FD42040E7E369CA86|
1000|/home/apo/ACE414_labs/lab5/src_corpus/files/file_14.txt.encrypt|16-12-2021|03:12:24|2|0|3C4B1E4EAA9EA3C032A1EE3CDC921143|
1000|/etc/ssl/openssl.cnf|16-12-2021|03:12:24|1|0|FB92A2DAB53F11F4F5F22ADC5257B553|
1000|/home/apo/ACE414_labs/lab5/src_corpus/files/file_15.txt|16-12-2021|03:12:24|1|0|077976ACF700BF67F6FAF498B48AA8D2|
1000|/home/apo/ACE414_labs/lab5/src_corpus/files/file_15.txt.encrypt|16-12-2021|03:12:24|0|0|00000000000000000000000000000000|
1000|/home/apo/ACE414_labs/lab5/src_corpus/files/file_15.txt.encrypt|16-12-2021|03:12:24|2|0|6FF0100DA6A0F8A99AD86006B642D4FB|
1000|/home/apo/ACE414_labs/lab5/src_corpus/files/file_15.txt.encrypt|16-12-2021|03:12:24|2|0|8D35B441FAC467750D7B0903699DA970|
1000|/home/apo/ACE414_labs/lab5/src_corpus/files/file_15.txt.encrypt|16-12-2021|03:12:24|2|0|504A50DC1EA69B4EAE3E8A9B973F4FB0|
1000|/home/apo/ACE414_labs/lab5/src_corpus/files/file_15.txt.encrypt|16-12-2021|03:12:24|2|0|0DA418E7C6C41A34D2EF83DDB45C6137|
1000|/etc/ssl/openssl.cnf|16-12-2021|03:12:24|1|0|FB92A2DAB53F11F4F5F22ADC5257B553|
1000|/home/apo/ACE414_labs/lab5/src_corpus/files/file_16.txt|16-12-2021|03:12:24|1|0|755AF99AD24C1254FD05F49286CBB1C4|
1000|/home/apo/ACE414_labs/lab5/src_corpus/files/file_16.txt.encrypt|16-12-2021|03:12:24|0|0|00000000000000000000000000000000|
1000|/home/apo/ACE414_labs/lab5/src_corpus/files/file_16.txt.encrypt|16-12-2021|03:12:24|2|0|6FF0100DA6A0F8A99AD86006B642D4FB|
1000|/home/apo/ACE414_labs/lab5/src_corpus/files/file_16.txt.encrypt|16-12-2021|03:12:24|2|0|AE918F13DACA76088BE66E1E6DF57674|
1000|/home/apo/ACE414_labs/lab5/src_corpus/files/file_16.txt.encrypt|16-12-2021|03:12:24|2|0|1069819898E085B737857AF4DB0E8BD7|
1000|/home/apo/ACE414_labs/lab5/src_corpus/files/file_16.txt.encrypt|16-12-2021|03:12:24|2|0|2764F1428B10CE4AAE31D5A45D31FFF4|
1000|/etc/ssl/openssl.cnf|16-12-2021|03:12:24|1|0|FB92A2DAB53F11F4F5F22ADC5257B553|
1000|/home/apo/ACE414_labs/lab5/src_corpus/files/file_17.txt|16-12-2021|03:12:24|1|0|3A133393EB917CB4D5C24469B8FC19E1|
1000|/home/apo/ACE414_labs/lab5/src_corpus/files/file_17.txt.encrypt|16-12-2021|03:12:24|0|0|00000000000000000000000000000000|
1000|/home/apo/ACE414_labs/lab5/src_corpus/files/file_17.txt.encrypt|16-12-2021|03:12:24|2|0|6FF0100DA6A0F8A99AD86006B642D4FB|
1000|/home/apo/ACE414_labs/lab5/src_corpus/files/file_17.txt.encrypt|16-12-2021|03:12:24|2|0|1816B907BCFFC0438EB6B36582AB6E33|
1000|/home/apo/ACE414_labs/lab5/src_corpus/files/file_17.txt.encrypt|16-12-2021|03:12:24|2|0|1894086ED8B50441A359B772072B6037|
1000|/home/apo/ACE414_labs/lab5/src_corpus/files/file_17.txt.encrypt|16-12-2021|03:12:24|2|0|0035BEFCFB3BE16A177D2AB3D2CA7D86|
1000|/etc/ssl/openssl.cnf|16-12-2021|03:12:24|1|0|FB92A2DAB53F11F4F5F22ADC5257B553|
1000|/home/apo/ACE414_labs/lab5/src_corpus/files/file_18.txt|16-12-2021|03:12:24|1|0|3CB8C2AFAC2BE642206BA2645C0053CD|
1000|/home/apo/ACE414_labs/lab5/src_corpus/files/file_18.txt.encrypt|16-12-2021|03:12:24|0|0|00000000000000000000000000000000|
1000|/home/apo/ACE414_labs/lab5/src_corpus/files/file_18.txt.encrypt|16-12-2021|03:12:24|2|0|6FF0100DA6A0F8A99AD86006B642D4FB|
1000|/home/apo/ACE414_labs/lab5/src_corpus/files/file_18.txt.encrypt|16-12-2021|03:12:24|2|0|3F6D2C655C2D4C05495B7907E146EAF1|
1000|/home/apo/ACE414_labs/lab5/src_corpus/files/file_18.txt.encrypt|16-12-2021|03:12:24|2|0|BD08EA7FB9007B25D9287F7424C5277F|
1000|/home/apo/ACE414_labs/lab5/src_corpus/files/file_18.txt.encrypt|16-12-2021|03:12:24|2|0|4D143AD77CAB529945BC06599F763285|
1000|/etc/ssl/openssl.cnf|16-12-2021|03:12:24|1|0|FB92A2DAB53F11F4F5F22ADC5257B553|
1000|/home/apo/ACE414_labs/lab5/src_corpus/files/file_19.txt|16-12-2021|03:12:24|1|0|C54F600854268C8653DB0C48E1E45D9A|
1000|/home/apo/ACE414_labs/lab5/src_corpus/files/file_19.txt.encrypt|16-12-2021|03:12:24|0|0|00000000000000000000000000000000|
1000|/home/apo/ACE414_labs/lab5/src_corpus/files/file_19.txt.encrypt|16-12-2021|03:12:24|2|0|6FF0100DA6A0F8A99AD86006B642D4FB|
1000|/home/apo/ACE414_labs/lab5/src_corpus/files/file_19.txt.encrypt|16-12-2021|03:12:24|2|0|C9B5D8454C05D6A928240DA696FBAFC5|
1000|/home/apo/ACE414_labs/lab5/src_corpus/files/file_19.txt.encrypt|16-12-2021|03:12:24|2|0|670E0321684FBA015228C5762DACA58A|
1000|/home/apo/ACE414_labs/lab5/src_corpus/files/file_19.txt.encrypt|16-12-2021|03:12:24|2|0|D34F7425E8D2C44563759B648D077DBC|
1000|/etc/ssl/openssl.cnf|16-12-2021|03:12:24|1|0|FB92A2DAB53F11F4F5F22ADC5257B553|
1000|/home/apo/ACE414_labs/lab5/src_corpus/files/file_20.txt|16-12-2021|03:12:24|1|0|E3ED6930DBE1415CEB62020F1072073C|
1000|/home/apo/ACE414_labs/lab5/src_corpus/files/file_20.txt.encrypt|16-12-2021|03:12:24|0|0|00000000000000000000000000000000|
1000|/home/apo/ACE414_labs/lab5/src_corpus/files/file_20.txt.encrypt|16-12-2021|03:12:24|2|0|6FF0100DA6A0F8A99AD86006B642D4FB|
1000|/home/apo/ACE414_labs/lab5/src_corpus/files/file_20.txt.encrypt|16-12-2021|03:12:24|2|0|41CA3548A4206F7F6A2B24416809C59B|
1000|/home/apo/ACE414_labs/lab5/src_corpus/files/file_20.txt.encrypt|16-12-2021|03:12:24|2|0|B1EDE00CB611E2C6339FED4D11DE6DAA|
1000|/home/apo/ACE414_labs/lab5/src_corpus/files/file_20.txt.encrypt|16-12-2021|03:12:24|2|0|F85EFDF74C3988DEA8735B2E83B8D747|
1000|/etc/ssl/openssl.cnf|16-12-2021|03:12:24|1|0|FB92A2DAB53F11F4F5F22ADC5257B553|
1000|/home/apo/ACE414_labs/lab5/src_corpus/files/file_21.txt|16-12-2021|03:12:24|1|0|D53AD83A76FD193F88B2A24BFE15DD8A|
1000|/home/apo/ACE414_labs/lab5/src_corpus/files/file_21.txt.encrypt|16-12-2021|03:12:24|0|0|00000000000000000000000000000000|
1000|/home/apo/ACE414_labs/lab5/src_corpus/files/file_21.txt.encrypt|16-12-2021|03:12:24|2|0|6FF0100DA6A0F8A99AD86006B642D4FB|
1000|/home/apo/ACE414_labs/lab5/src_corpus/files/file_21.txt.encrypt|16-12-2021|03:12:24|2|0|C933BF55DB3282751877C0D877863634|
1000|/home/apo/ACE414_labs/lab5/src_corpus/files/file_21.txt.encrypt|16-12-2021|03:12:24|2|0|E00D76484AF733529573C830E308A5F1|
1000|/home/apo/ACE414_labs/lab5/src_corpus/files/file_21.txt.encrypt|16-12-2021|03:12:24|2|0|462443596E182115C64545F1367A3C9B|
1000|/etc/ssl/openssl.cnf|16-12-2021|03:12:24|1|0|FB92A2DAB53F11F4F5F22ADC5257B553|
1000|/home/apo/ACE414_labs/lab5/src_corpus/files/file_22.txt|16-12-2021|03:12:24|1|0|1DF2D10AF6A5379FD0D856CC47295775|
1000|/home/apo/ACE414_labs/lab5/src_corpus/files/file_22.txt.encrypt|16-12-2021|03:12:24|0|0|00000000000000000000000000000000|
1000|/home/apo/ACE414_labs/lab5/src_corpus/files/file_22.txt.encrypt|16-12-2021|03:12:24|2|0|6FF0100DA6A0F8A99AD86006B642D4FB|
1000|/home/apo/ACE414_labs/lab5/src_corpus/files/file_22.txt.encrypt|16-12-2021|03:12:24|2|0|931CC6AB0F60818E85B8AE1A5EEF6099|
1000|/home/apo/ACE414_labs/lab5/src_corpus/files/file_22.txt.encrypt|16-12-2021|03:12:24|2|0|E53BB9DCDB93F3F98C5B9278B7D0D3B5|
1000|/home/apo/ACE414_labs/lab5/src_corpus/files/file_22.txt.encrypt|16-12-2021|03:12:24|2|0|EEC0EA7CAE1964CE20E32E45005E639D|
1000|/etc/ssl/openssl.cnf|16-12-2021|03:12:24|1|0|FB92A2DAB53F11F4F5F22ADC5257B553|
1000|/home/apo/ACE414_labs/lab5/src_corpus/files/file_23.txt|16-12-2021|03:12:24|1|0|58BD017066AC30275EFCC1A541CA13F3|
1000|/home/apo/ACE414_labs/lab5/src_corpus/files/file_23.txt.encrypt|16-12-2021|03:12:24|0|0|00000000000000000000000000000000|
1000|/home/apo/ACE414_labs/lab5/src_corpus/files/file_23.txt.encrypt|16-12-2021|03:12:24|2|0|6FF0100DA6A0F8A99AD86006B642D4FB|
1000|/home/apo/ACE414_labs/lab5/src_corpus/files/file_23.txt.encrypt|16-12-2021|03:12:24|2|0|0D57FE0B1B49BF3FF9AF42D647D8D6FE|
1000|/home/apo/ACE414_labs/lab5/src_corpus/files/file_23.txt.encrypt|16-12-2021|03:12:24|2|0|63429416DEEAABAB254BF05CA21ACA1C|
1000|/home/apo/ACE414_labs/lab5/src_corpus/files/file_23.txt.encrypt|16-12-2021|03:12:24|2|0|48FEBB2B57E92054F40DD0157DDBD944|
1000|/etc/ssl/openssl.cnf|16-12-2021|03:12:24|1|0|FB92A2DAB53F11F4F5F22ADC5257B553|
1000|/home/apo/ACE414_labs/lab5/src_corpus/files/file_24.txt|16-12-2021|03:12:24|1|0|11C701594A0763B4CEF4932843B453E0|
1000|/home/apo/ACE414_labs/lab5/src_corpus/files/file_24.txt.encrypt|16-12-2021|03:12:24|0|0|00000000000000000000000000000000|
1000|/home/apo/ACE414_labs/lab5/src_corpus/files/file_24.txt.encrypt|16-12-2021|03:12:24|2|0|6FF0100DA6A0F8A99AD86006B642D4FB|
1000|/home/apo/ACE414_labs/lab5/src_corpus/files/file_24.txt.encrypt|16-12-2021|03:12:24|2|0|338232EF2B74DB51B1361359ADA892BE|
1000|/home/apo/ACE414_labs/lab5/src_corpus/files/file_24.txt.encrypt|16-12-2021|03:12:24|2|0|80FE8457EE3745A964A9D0D353B4C15F|
1000|/home/apo/ACE414_labs/lab5/src_corpus/files/file_24.txt.encrypt|16-12-2021|03:12:24|2|0|55FF48FD29215A349A951FB6272B1140|
1000|/etc/ssl/openssl.cnf|16-12-2021|03:12:24|1|0|FB92A2DAB53F11F4F5F22ADC5257B553|
1000|/home/apo/ACE414_labs/lab5/src_corpus/files/file_25.txt|16-12-2021|03:12:24|1|0|B192BCC33273308041ACC61DF1D73F59|
1000|/home/apo/ACE414_labs/lab5/src_corpus/files/file_25.txt.encrypt|16-12-2021|03:12:24|0|0|00000000000000000000000000000000|
1000|/home/apo/ACE414_labs/lab5/src_corpus/files/file_25.txt.encrypt|16-12-2021|03:12:24|2|0|6FF0100DA6A0F8A99AD86006B642D4FB|
1000|/home/apo/ACE414_labs/lab5/src_corpus/files/file_25.txt.encrypt|16-12-2021|03:12:24|2|0|4B4159BB96428064D7121ADA52C999C7|
1000|/home/apo/ACE414_labs/lab5/src_corpus/files/file_25.txt.encrypt|16-12-2021|03:12:24|2|0|01E1249E09E6E35389C45AB4416E0CD8|
1000|/home/apo/ACE414_labs/lab5/src_corpus/files/file_25.txt.encrypt|16-12-2021|03:12:24|2|0|398036902B286BA2B1D13A51479D816F|
1000|/etc/ssl/openssl.cnf|16-12-2021|03:12:24|1|0|FB92A2DAB53F11F4F5F22ADC5257B553|
1000|/home/apo/ACE414_labs/lab5/src_corpus/files/file_26.txt|16-12-2021|03:12:24|1|0|B8CA3AACBD7B3BB2379A5D34E4CB1BC4|
1000|/home/apo/ACE414_labs/lab5/src_corpus/files/file_26.txt.encrypt|16-12-2021|03:12:24|0|0|00000000000000000000000000000000|
1000|/home/apo/ACE414_labs/lab5/src_corpus/files/file_26.txt.encrypt|16-12-2021|03:12:24|2|0|6FF0100DA6A0F8A99AD86006B642D4FB|
1000|/home/apo/ACE414_labs/lab5/src_corpus/files/file_26.txt.encrypt|16-12-2021|03:12:24|2|0|D830B768D96171BB83B689A566D37E57|
1000|/home/apo/ACE414_labs/lab5/src_corpus/files/file_26.txt.encrypt|16-12-2021|03:12:24|2|0|A3D9797B795DAACEF300044F52ABAC98|
1000|/home/apo/ACE414_labs/lab5/src_corpus/files/file_26.txt.encrypt|16-12-2021|03:12:24|2|0|99E800590654F23A42F4689D3F5B6750|
1000|/etc/ssl/openssl.cnf|16-12-2021|03:12:24|1|0|FB92A2DAB53F11F4F5F22ADC5257B553|
1000|/home/apo/ACE414_labs/lab5/src_corpus/files/file_27.txt|16-12-2021|03:12:24|1|0|7AE7E3646109C61B9FD706AAD8479A6E|
1000|/home/apo/ACE414_labs/lab5/src_corpus/files/file_27.txt.encrypt|16-12-2021|03:12:24|0|0|00000000000000000000000000000000|
1000|/home/apo/ACE414_labs/lab5/src_corpus/files/file_27.txt.encrypt|16-12-2021|03:12:24|2|0|6FF0100DA6A0F8A99AD86006B642D4FB|
1000|/home/apo/ACE414_labs/lab5/src_corpus/files/file_27.txt.encrypt|16-12-2021|03:12:24|2|0|74BDF5AB9C94364208B0355178A1E177|
1000|/home/apo/ACE414_labs/lab5/src_corpus/files/file_27.txt.encrypt|16-12-2021|03:12:24|2|0|15633E3C0838E7B63B11529A31E9F9FE|
1000|/home/apo/ACE414_labs/lab5/src_corpus/files/file_27.txt.encrypt|16-12-2021|03:12:24|2|0|FCC303BB76E49E02CD026C50315F7E60|
1000|/etc/ssl/openssl.cnf|16-12-2021|03:12:24|1|0|FB92A2DAB53F11F4F5F22ADC5257B553|
1000|/home/apo/ACE414_labs/lab5/src_corpus/files/file_28.txt|16-12-2021|03:12:24|1|0|EB8C92598ABBC3712CC62531B417BD09|
1000|/home/apo/ACE414_labs/lab5/src_corpus/files/file_28.txt.encrypt|16-12-2021|03:12:24|0|0|00000000000000000000000000000000|
1000|/home/apo/ACE414_labs/lab5/src_corpus/files/file_28.txt.encrypt|16-12-2021|03:12:24|2|0|6FF0100DA6A0F8A99AD86006B642D4FB|
1000|/home/apo/ACE414_labs/lab5/src_corpus/files/file_28.txt.encrypt|16-12-2021|03:12:24|2|0|DF940EDD5ACE4A7954178FDD055711C5|
1000|/home/apo/ACE414_labs/lab5/src_corpus/files/file_28.txt.encrypt|16-12-2021|03:12:24|2|0|589FD2CFE7A3D097EC897903C099A6A7|
1000|/home/apo/ACE414_labs/lab5/src_corpus/files/file_28.txt.encrypt|16-12-2021|03:12:24|2|0|FFEC19795130E529435E22DE17CCE187|
1000|/etc/ssl/openssl.cnf|16-12-2021|03:12:24|1|0|FB92A2DAB53F11F4F5F22ADC5257B553|
1000|/home/apo/ACE414_labs/lab5/src_corpus/files/file_29.txt|16-12-2021|03:12:24|1|0|8AEFA6E9FB4B54D1E9DC5F955535D272|
1000|/home/apo/ACE414_labs/lab5/src_corpus/files/file_29.txt.encrypt|16-12-2021|03:12:24|0|0|00000000000000000000000000000000|
1000|/home/apo/ACE414_labs/lab5/src_corpus/files/file_29.txt.encrypt|16-12-2021|03:12:24|2|0|6FF0100DA6A0F8A99AD86006B642D4FB|
1000|/home/apo/ACE414_labs/lab5/src_corpus/files/file_29.txt.encrypt|16-12-2021|03:12:24|2|0|A2F83CB5EAD587259F83E00D0548696F|
1000|/home/apo/ACE414_labs/lab5/src_corpus/files/file_29.txt.encrypt|16-12-2021|03:12:24|2|0|137ED9A423E6C238BF30DAC2C9654D01|
1000|/home/apo/ACE414_labs/lab5/src_corpus/files/file_29.txt.encrypt|16-12-2021|03:12:24|2|0|E2CE2713D9B7BF81B7A4A9FD71B2D499|
1000|/etc/ssl/openssl.cnf|16-12-2021|03:12:24|1|0|FB92A2DAB53F11F4F5F22ADC5257B553|
1000|/home/apo/ACE414_labs/lab5/src_corpus/files/file_30.txt|16-12-2021|03:12:24|1|0|A29356D9B3E3572E0D2D72EAF00838D1|
1000|/home/apo/ACE414_labs/lab5/src_corpus/files/file_30.txt.encrypt|16-12-2021|03:12:24|0|0|00000000000000000000000000000000|
1000|/home/apo/ACE414_labs/lab5/src_corpus/files/file_30.txt.encrypt|16-12-2021|03:12:24|2|0|6FF0100DA6A0F8A99AD86006B642D4FB|
1000|/home/apo/ACE414_labs/lab5/src_corpus/files/file_30.txt.encrypt|16-12-2021|03:12:24|2|0|B19324E8A776A7ED7BF92E3B24345927|
1000|/home/apo/ACE414_labs/lab5/src_corpus/files/file_30.txt.encrypt|16-12-2021|03:12:24|2|0|1305D19B62DBFD79115475965BBC8A1B|
1000|/home/apo/ACE414_labs/lab5/src_corpus/files/file_30.txt.encrypt|16-12-2021|03:12:24|2|0|4351A927292AE17DBF74B2B2D363A56D|
1000|/etc/ssl/openssl.cnf|16-12-2021|03:12:24|1|0|FB92A2DAB53F11F4F5F22ADC5257B553|
1000|/home/apo/ACE414_labs/lab5/src_corpus/files/file_31.txt|16-12-2021|03:12:24|1|0|F3AC76D7333B6548FE5110E7248A70C2|
1000|/home/apo/ACE414_labs/lab5/src_corpus/files/file_31.txt.encrypt|16-12-2021|03:12:24|0|0|00000000000000000000000000000000|
1000|/home/apo/ACE414_labs/lab5/src_corpus/files/file_31.txt.encrypt|16-12-2021|03:12:24|2|0|6FF0100DA6A0F8A99AD86006B642D4FB|
1000|/home/apo/ACE414_labs/lab5/src_corpus/files/file_31.txt.encrypt|16-12-2021|03:12:24|2|0|4F9E3CB0BA6BC01E31384DC01C3E5FF9|
1000|/home/apo/ACE414_labs/lab5/src_corpus/files/file_31.txt.encrypt|16-12-2021|03:12:24|2|0|C3D32E9369C33C25591C77F6C992C179|
1000|/home/apo/ACE414_labs/lab5/src_corpus/files/file_31.txt.encrypt|16-12-2021|03:12:24|2|0|24FDE39AB032140F8B8690C66CDD5E07|
1000|/etc/ssl/openssl.cnf|16-12-2021|03:12:24|1|0|FB92A2DAB53F11F4F5F22ADC5257B553|
1000|/home/apo/ACE414_labs/lab5/src_corpus/files/file_32.txt|16-12-2021|03:12:24|1|0|D45DF16B296808B1B12184F74DAB1E5F|
1000|/home/apo/ACE414_labs/lab5/src_corpus/files/file_32.txt.encrypt|16-12-2021|03:12:24|0|0|00000000000000000000000000000000|
1000|/home/apo/ACE414_labs/lab5/src_corpus/files/file_32.txt.encrypt|16-12-2021|03:12:24|2|0|6FF0100DA6A0F8A99AD86006B642D4FB|
1000|/home/apo/ACE414_labs/lab5/src_corpus/files/file_32.txt.encrypt|16-12-2021|03:12:24|2|0|07C3735920FEDA5DFB08CC9E115B8455|
1000|/home/apo/ACE414_labs/lab5/src_corpus/files/file_32.txt.encrypt|16-12-2021|03:12:24|2|0|E2C811A5B2538E839397B1290476A8DF|
1000|/home/apo/ACE414_labs/lab5/src_corpus/files/file_32.txt.encrypt|16-12-2021|03:12:24|2|0|E234562C38F166E72017BF80AF9869C2|
1000|/etc/ssl/openssl.cnf|16-12-2021|03:12:24|1|0|FB92A2DAB53F11F4F5F22ADC5257B553|
1000|/home/apo/ACE414_labs/lab5/src_corpus/files/file_33.txt|16-12-2021|03:12:24|1|0|26EE3FAE07C16B0206BC7D04F0A57A83|
1000|/home/apo/ACE414_labs/lab5/src_corpus/files/file_33.txt.encrypt|16-12-2021|03:12:24|0|0|00000000000000000000000000000000|
1000|/home/apo/ACE414_labs/lab5/src_corpus/files/file_33.txt.encrypt|16-12-2021|03:12:24|2|0|6FF0100DA6A0F8A99AD86006B642D4FB|
1000|/home/apo/ACE414_labs/lab5/src_corpus/files/file_33.txt.encrypt|16-12-2021|03:12:24|2|0|E284AEF45240EDF7DAE6722290733A91|
1000|/home/apo/ACE414_labs/lab5/src_corpus/files/file_33.txt.encrypt|16-12-2021|03:12:24|2|0|056D2C78C7B08C4A2DE1A5ACAE5A67D1|
1000|/home/apo/ACE414_labs/lab5/src_corpus/files/file_33.txt.encrypt|16-12-2021|03:12:24|2|0|E406389A9345F0E5BE9904DB3323F06E|
1000|/etc/ssl/openssl.cnf|16-12-2021|03:12:24|1|0|FB92A2DAB53F11F4F5F22ADC5257B553|
1000|/home/apo/ACE414_labs/lab5/src_corpus/files/file_34.txt|16-12-2021|03:12:24|1|0|5BF28A7AC40DEE3A1F8525F308596E0C|
1000|/home/apo/ACE414_labs/lab5/src_corpus/files/file_34.txt.encrypt|16-12-2021|03:12:24|0|0|00000000000000000000000000000000|
1000|/home/apo/ACE414_labs/lab5/src_corpus/files/file_34.txt.encrypt|16-12-2021|03:12:24|2|0|6FF0100DA6A0F8A99AD86006B642D4FB|
1000|/home/apo/ACE414_labs/lab5/src_corpus/files/file_34.txt.encrypt|16-12-2021|03:12:24|2|0|FF1D2E56846AD3029ADC90075FADC8E0|
1000|/home/apo/ACE414_labs/lab5/src_corpus/files/file_34.txt.encrypt|16-12-2021|03:12:24|2|0|B744FD16746317DAE9A783FE63AA3770|
1000|/home/apo/ACE414_labs/lab5/src_corpus/files/file_34.txt.encrypt|16-12-2021|03:12:24|2|0|9949C1E2C3E5116707028D63AF78BB1D|
1000|/etc/ssl/openssl.cnf|16-12-2021|03:12:24|1|0|FB92A2DAB53F11F4F5F22ADC5257B553|
1000|/home/apo/ACE414_labs/lab5/src_corpus/files/file_35.txt|16-12-2021|03:12:24|1|0|1567FA6B147D2C7BCC3F4AAF8679250B|
1000|/home/apo/ACE414_labs/lab5/src_corpus/files/file_35.txt.encrypt|16-12-2021|03:12:24|0|0|00000000000000000000000000000000|
1000|/home/apo/ACE414_labs/lab5/src_corpus/files/file_35.txt.encrypt|16-12-2021|03:12:24|2|0|6FF0100DA6A0F8A99AD86006B642D4FB|
1000|/home/apo/ACE414_labs/lab5/src_corpus/files/file_35.txt.encrypt|16-12-2021|03:12:24|2|0|751A1FE77A0519045C3A09DC8AF54F66|
1000|/home/apo/ACE414_labs/lab5/src_corpus/files/file_35.txt.encrypt|16-12-2021|03:12:24|2|0|4F7FC58790D2A129785DE363F7663710|
1000|/home/apo/ACE414_labs/lab5/src_corpus/files/file_35.txt.encrypt|16-12-2021|03:12:24|2|0|53DCE54DBAFDEE337EE29091981D256A|
1000|/etc/ssl/openssl.cnf|16-12-2021|03:12:24|1|0|FB92A2DAB53F11F4F5F22ADC5257B553|
1000|/home/apo/ACE414_labs/lab5/src_corpus/files/file_36.txt|16-12-2021|03:12:24|1|0|E1F5836FB4483F8CBDAA9561D8162F98|
1000|/home/apo/ACE414_labs/lab5/src_corpus/files/file_36.txt.encrypt|16-12-2021|03:12:24|0|0|00000000000000000000000000000000|
1000|/home/apo/ACE414_labs/lab5/src_corpus/files/file_36.txt.encrypt|16-12-2021|03:12:24|2|0|6FF0100DA6A0F8A99AD86006B642D4FB|
1000|/home/apo/ACE414_labs/lab5/src_corpus/files/file_36.txt.encrypt|16-12-2021|03:12:24|2|0|6770C41833A1DF0A3AEA9074624E8817|
1000|/home/apo/ACE414_labs/lab5/src_corpus/files/file_36.txt.encrypt|16-12-2021|03:12:24|2|0|23200A01E29690AAFA9ADBC3CB2A6605|
1000|/home/apo/ACE414_labs/lab5/src_corpus/files/file_36.txt.encrypt|16-12-2021|03:12:24|2|0|27E5C1435207602EB3E1F4C655259A85|
1000|/etc/ssl/openssl.cnf|16-12-2021|03:12:24|1|0|FB92A2DAB53F11F4F5F22ADC5257B553|
1000|/home/apo/ACE414_labs/lab5/src_corpus/files/file_37.txt|16-12-2021|03:12:24|1|0|8DF02A37077C8522F3C21B2B10F87E44|
1000|/home/apo/ACE414_labs/lab5/src_corpus/files/file_37.txt.encrypt|16-12-2021|03:12:24|0|0|00000000000000000000000000000000|
1000|/home/apo/ACE414_labs/lab5/src_corpus/files/file_37.txt.encrypt|16-12-2021|03:12:24|2|0|6FF0100DA6A0F8A99AD86006B642D4FB|
1000|/home/apo/ACE414_labs/lab5/src_corpus/files/file_37.txt.encrypt|16-12-2021|03:12:24|2|0|B57B973EED4F5B781133D28002438C2E|
1000|/home/apo/ACE414_labs/lab5/src_corpus/files/file_37.txt.encrypt|16-12-2021|03:12:24|2|0|CF53DC4979A68CC4B254B48C9EC14D4B|
1000|/home/apo/ACE414_labs/lab5/src_corpus/files/file_37.txt.encrypt|16-12-2021|03:12:24|2|0|AFA67F3591DF2C3D23FA486353B9488C|
1000|/etc/ssl/openssl.cnf|16-12-2021|03:12:24|1|0|FB92A2DAB53F11F4F5F22ADC5257B553|
1000|/home/apo/ACE414_labs/lab5/src_corpus/files/file_38.txt|16-12-2021|03:12:24|1|0|854E75F552FFD168A5BBFD7995032928|
1000|/home/apo/ACE414_labs/lab5/src_corpus/files/file_38.txt.encrypt|16-12-2021|03:12:24|0|0|00000000000000000000000000000000|
1000|/home/apo/ACE414_labs/lab5/src_corpus/files/file_38.txt.encrypt|16-12-2021|03:12:24|2|0|6FF0100DA6A0F8A99AD86006B642D4FB|
1000|/home/apo/ACE414_labs/lab5/src_corpus/files/file_38.txt.encrypt|16-12-2021|03:12:24|2|0|3BBDB4799AA0341B184AAED261142471|
1000|/home/apo/ACE414_labs/lab5/src_corpus/files/file_38.txt.encrypt|16-12-2021|03:12:24|2|0|253288EBD9E8AA1A680DB95F12111DFE|
1000|/home/apo/ACE414_labs/lab5/src_corpus/files/file_38.txt.encrypt|16-12-2021|03:12:24|2|0|0428A9437679433CA85094F50EF68246|
1000|/etc/ssl/openssl.cnf|16-12-2021|03:12:24|1|0|FB92A2DAB53F11F4F5F22ADC5257B553|
1000|/home/apo/ACE414_labs/lab5/src_corpus/files/file_39.txt|16-12-2021|03:12:24|1|0|ED1EADECE24A1D22DAE6570841CB4601|
1000|/home/apo/ACE414_labs/lab5/src_corpus/files/file_39.txt.encrypt|16-12-2021|03:12:24|0|0|00000000000000000000000000000000|
1000|/home/apo/ACE414_labs/lab5/src_corpus/files/file_39.txt.encrypt|16-12-2021|03:12:24|2|0|6FF0100DA6A0F8A99AD86006B642D4FB|
1000|/home/apo/ACE414_labs/lab5/src_corpus/files/file_39.txt.encrypt|16-12-2021|03:12:24|2|0|67A1B52A1BD2F4D34CDBAA08AD44F8E7|
1000|/home/apo/ACE414_labs/lab5/src_corpus/files/file_39.txt.encrypt|16-12-2021|03:12:24|2|0|F9588A53326B189FD9F7743F8415D3CE|
1000|/home/apo/ACE414_labs/lab5/src_corpus/files/file_39.txt.encrypt|16-12-2021|03:12:24|2|0|35C8EB05091E9AA2F914DC3530EB43EE|
1000|/etc/ssl/openssl.cnf|16-12-2021|03:12:24|1|0|FB92A2DAB53F11F4F5F22ADC5257B553|
1000|/home/apo/ACE414_labs/lab5/src_corpus/files/file_40.txt|16-12-2021|03:12:24|1|0|624C9F35D0AC05B1A27D8E29F5B1B22F|
1000|/home/apo/ACE414_labs/lab5/src_corpus/files/file_40.txt.encrypt|16-12-2021|03:12:24|0|0|00000000000000000000000000000000|
1000|/home/apo/ACE414_labs/lab5/src_corpus/files/file_40.txt.encrypt|16-12-2021|03:12:24|2|0|6FF0100DA6A0F8A99AD86006B642D4FB|
1000|/home/apo/ACE414_labs/lab5/src_corpus/files/file_40.txt.encrypt|16-12-2021|03:12:24|2|0|FEF06ED6E188E463B83D60287911809E|
1000|/home/apo/ACE414_labs/lab5/src_corpus/files/file_40.txt.encrypt|16-12-2021|03:12:24|2|0|6DA31E9AE36A3CDAC7AB4CEE60433CB7|
1000|/home/apo/ACE414_labs/lab5/src_corpus/files/file_40.txt.encrypt|16-12-2021|03:12:24|2|0|09F99F036C83452088C9B1E67F655A46|
1000|/etc/ssl/openssl.cnf|16-12-2021|03:12:24|1|0|FB92A2DAB53F11F4F5F22ADC5257B553|
1000|/home/apo/ACE414_labs/lab5/src_corpus/files/file_41.txt|16-12-2021|03:12:24|1|0|23F67DB22E998B386FA051FB479726F1|
1000|/home/apo/ACE414_labs/lab5/src_corpus/files/file_41.txt.encrypt|16-12-2021|03:12:24|0|0|00000000000000000000000000000000|
1000|/home/apo/ACE414_labs/lab5/src_corpus/files/file_41.txt.encrypt|16-12-2021|03:12:24|2|0|6FF0100DA6A0F8A99AD86006B642D4FB|
1000|/home/apo/ACE414_labs/lab5/src_corpus/files/file_41.txt.encrypt|16-12-2021|03:12:24|2|0|04C5B7F9B81FE12215A0C42DAAA5D710|
1000|/home/apo/ACE414_labs/lab5/src_corpus/files/file_41.txt.encrypt|16-12-2021|03:12:24|2|0|89E015CB8176F64F366A06715D8ABFD5|
1000|/home/apo/ACE414_labs/lab5/src_corpus/files/file_41.txt.encrypt|16-12-2021|03:12:24|2|0|8691D60AD248AFE927610CEAC85B5CAE|
1000|/etc/ssl/openssl.cnf|16-12-2021|03:12:24|1|0|FB92A2DAB53F11F4F5F22ADC5257B553|
1000|/home/apo/ACE414_labs/lab5/src_corpus/files/file_42.txt|16-12-2021|03:12:24|1|0|8785C6EC3D44F65ECA34549B121C63CF|
1000|/home/apo/ACE414_labs/lab5/src_corpus/files/file_42.txt.encrypt|16-12-2021|03:12:24|0|0|00000000000000000000000000000000|
1000|/home/apo/ACE414_labs/lab5/src_corpus/files/file_42.txt.encrypt|16-12-2021|03:12:24|2|0|6FF0100DA6A0F8A99AD86006B642D4FB|
1000|/home/apo/ACE414_labs/lab5/src_corpus/files/file_42.txt.encrypt|16-12-2021|03:12:24|2|0|A413F554B9D0454D555622B3B680B01E|
1000|/home/apo/ACE414_labs/lab5/src_corpus/files/file_42.txt.encrypt|16-12-2021|03:12:24|2|0|69251FBE7E8D162103F21902BE36E21F|
1000|/home/apo/ACE414_labs/lab5/src_corpus/files/file_42.txt.encrypt|16-12-2021|03:12:24|2|0|053B05C4BC0E6CB041A8F5CFCDC6F5ED|
1000|/etc/ssl/openssl.cnf|16-12-2021|03:12:24|1|0|FB92A2DAB53F11F4F5F22ADC5257B553|
1000|/home/apo/ACE414_labs/lab5/src_corpus/files/file_43.txt|16-12-2021|03:12:24|1|0|917B90F952714EF2B8C4EFC7409E123E|
1000|/home/apo/ACE414_labs/lab5/src_corpus/files/file_43.txt.encrypt|16-12-2021|03:12:24|0|0|00000000000000000000000000000000|
1000|/home/apo/ACE414_labs/lab5/src_corpus/files/file_43.txt.encrypt|16-12-2021|03:12:24|2|0|6FF0100DA6A0F8A99AD86006B642D4FB|
1000|/home/apo/ACE414_labs/lab5/src_corpus/files/file_43.txt.encrypt|16-12-2021|03:12:24|2|0|78C68E82AE9E4FB7474004840DD7E3C8|
1000|/home/apo/ACE414_labs/lab5/src_corpus/files/file_43.txt.encrypt|16-12-2021|03:12:24|2|0|1AD1107E12DB203284AB447E4CC266D7|
1000|/home/apo/ACE414_labs/lab5/src_corpus/files/file_43.txt.encrypt|16-12-2021|03:12:24|2|0|FFD382FE8F1261E952322139163E5792|
1000|/etc/ssl/openssl.cnf|16-12-2021|03:12:24|1|0|FB92A2DAB53F11F4F5F22ADC5257B553|
1000|/home/apo/ACE414_labs/lab5/src_corpus/files/file_44.txt|16-12-2021|03:12:24|1|0|72C6C26FBF00E0DD05096989B246FA89|
1000|/home/apo/ACE414_labs/lab5/src_corpus/files/file_44.txt.encrypt|16-12-2021|03:12:24|0|0|00000000000000000000000000000000|
1000|/home/apo/ACE414_labs/lab5/src_corpus/files/file_44.txt.encrypt|16-12-2021|03:12:24|2|0|6FF0100DA6A0F8A99AD86006B642D4FB|
1000|/home/apo/ACE414_labs/lab5/src_corpus/files/file_44.txt.encrypt|16-12-2021|03:12:24|2|0|3DFECAC0EDBD32E22510CE873F0FA122|
1000|/home/apo/ACE414_labs/lab5/src_corpus/files/file_44.txt.encrypt|16-12-2021|03:12:24|2|0|37148673E18B1877E42D561A3C93900B|
1000|/home/apo/ACE414_labs/lab5/src_corpus/files/file_44.txt.encrypt|16-12-2021|03:12:24|2|0|4A3D92B1CF639EACC630FA085488B2CA|
1000|/etc/ssl/openssl.cnf|16-12-2021|03:12:24|1|0|FB92A2DAB53F11F4F5F22ADC5257B553|
1000|/home/apo/ACE414_labs/lab5/src_corpus/files/file_45.txt|16-12-2021|03:12:24|1|0|B660F9E5D66B9AEF6248ADC787CB02D9|
1000|/home/apo/ACE414_labs/lab5/src_corpus/files/file_45.txt.encrypt|16-12-2021|03:12:24|0|0|00000000000000000000000000000000|
1000|/home/apo/ACE414_labs/lab5/src_corpus/files/file_45.txt.encrypt|16-12-2021|03:12:24|2|0|6FF0100DA6A0F8A99AD86006B642D4FB|
1000|/home/apo/ACE414_labs/lab5/src_corpus/files/file_45.txt.encrypt|16-12-2021|03:12:24|2|0|B4D67BB1060FA3692A31C1A73D1D125C|
1000|/home/apo/ACE414_labs/lab5/src_corpus/files/file_45.txt.encrypt|16-12-2021|03:12:24|2|0|96A6833C6036ADC0C92BB6B624923F61|
1000|/home/apo/ACE414_labs/lab5/src_corpus/files/file_45.txt.encrypt|16-12-2021|03:12:24|2|0|3947A1C5E2E7B6CABA0F68FDB670EA49|
1000|/etc/ssl/openssl.cnf|16-12-2021|03:12:24|1|0|FB92A2DAB53F11F4F5F22ADC5257B553|
1000|/home/apo/ACE414_labs/lab5/src_corpus/files/file_46.txt|16-12-2021|03:12:24|1|0|58ECCE8978462B475E75B9814A9F67CF|
1000|/home/apo/ACE414_labs/lab5/src_corpus/files/file_46.txt.encrypt|16-12-2021|03:12:24|0|0|00000000000000000000000000000000|
1000|/home/apo/ACE414_labs/lab5/src_corpus/files/file_46.txt.encrypt|16-12-2021|03:12:24|2|0|6FF0100DA6A0F8A99AD86006B642D4FB|
1000|/home/apo/ACE414_labs/lab5/src_corpus/files/file_46.txt.encrypt|16-12-2021|03:12:24|2|0|FDBF1A37274C02DD3468662686BDC0BF|
1000|/home/apo/ACE414_labs/lab5/src_corpus/files/file_46.txt.encrypt|16-12-2021|03:12:25|2|0|C60513280EADBE0E8EFDB64EA2BBDDBA|
1000|/home/apo/ACE414_labs/lab5/src_corpus/files/file_46.txt.encrypt|16-12-2021|03:12:25|2|0|6276FF74548AAADDBCEF0A4D298B64F2|
1000|/etc/ssl/openssl.cnf|16-12-2021|03:12:25|1|0|FB92A2DAB53F11F4F5F22ADC5257B553|
1000|/home/apo/ACE414_labs/lab5/src_corpus/files/file_47.txt|16-12-2021|03:12:25|1|0|5039A7EACB968EB0D5ABE29EDECE4A07|
1000|/home/apo/ACE414_labs/lab5/src_corpus/files/file_47.txt.encrypt|16-12-2021|03:12:25|0|0|00000000000000000000000000000000|
1000|/home/apo/ACE414_labs/lab5/src_corpus/files/file_47.txt.encrypt|16-12-2021|03:12:25|2|0|6FF0100DA6A0F8A99AD86006B642D4FB|
1000|/home/apo/ACE414_labs/lab5/src_corpus/files/file_47.txt.encrypt|16-12-2021|03:12:25|2|0|22F3744F4D06A77A5043006B2A120DA2|
1000|/home/apo/ACE414_labs/lab5/src_corpus/files/file_47.txt.encrypt|16-12-2021|03:12:25|2|0|287E17B7C3517AA93E459C3D878CAF04|
1000|/home/apo/ACE414_labs/lab5/src_corpus/files/file_47.txt.encrypt|16-12-2021|03:12:25|2|0|4CD8B995F40916B5B7A6905FF679DFE5|
1000|/etc/ssl/openssl.cnf|16-12-2021|03:12:25|1|0|FB92A2DAB53F11F4F5F22ADC5257B553|
1000|/home/apo/ACE414_labs/lab5/src_corpus/files/file_48.txt|16-12-2021|03:12:25|1|0|3775AEFC1CA388B09712C553CFD50CCF|
1000|/home/apo/ACE414_labs/lab5/src_corpus/files/file_48.txt.encrypt|16-12-2021|03:12:25|0|0|00000000000000000000000000000000|
1000|/home/apo/ACE414_labs/lab5/src_corpus/files/file_48.txt.encrypt|16-12-2021|03:12:25|2|0|6FF0100DA6A0F8A99AD86006B642D4FB|
1000|/home/apo/ACE414_labs/lab5/src_corpus/files/file_48.txt.encrypt|16-12-2021|03:12:25|2|0|AD3D167A1E087107AAFE3807F8BBB4AB|
1000|/home/apo/ACE414_labs/lab5/src_corpus/files/file_48.txt.encrypt|16-12-2021|03:12:25|2|0|AD99AC1CF760055EE6B0A080E932C76C|
1000|/home/apo/ACE414_labs/lab5/src_corpus/files/file_48.txt.encrypt|16-12-2021|03:12:25|2|0|8675D229C6D7AC920DFB3560BE46FB70|
1000|/etc/ssl/openssl.cnf|16-12-2021|03:12:25|1|0|FB92A2DAB53F11F4F5F22ADC5257B553|
1000|/home/apo/ACE414_labs/lab5/src_corpus/files/file_49.txt|16-12-2021|03:12:25|1|0|3137CA10C0906CB90773A6C3FB4BA92D|
1000|/home/apo/ACE414_labs/lab5/src_corpus/files/file_49.txt.encrypt|16-12-2021|03:12:25|0|0|00000000000000000000000000000000|
1000|/home/apo/ACE414_labs/lab5/src_corpus/files/file_49.txt.encrypt|16-12-2021|03:12:25|2|0|6FF0100DA6A0F8A99AD86006B642D4FB|
1000|/home/apo/ACE414_labs/lab5/src_corpus/files/file_49.txt.encrypt|16-12-2021|03:12:25|2|0|7E55DB54CEC96F029E0C964CEF37C7D0|
1000|/home/apo/ACE414_labs/lab5/src_corpus/files/file_49.txt.encrypt|16-12-2021|03:12:25|2|0|5AF5AE474ACEB4219C6647AA4877372A|
1000|/home/apo/ACE414_labs/lab5/src_corpus/files/file_49.txt.encrypt|16-12-2021|03:12:25|2|0|33E951057502A94D9384012F670261E3|
